2020-05-23 00:02:23 INFO  BaseClass:34 - ================================================================================================
2020-05-23 00:02:23 INFO  BaseClass:35 - ======== Scenario Name: Verify The Request Credit ========
2020-05-23 00:02:23 INFO  BaseClass:36 - ================================================================================================
2020-05-23 00:02:30 ERROR BaseClass:47 - ++++++++++++++++++++++++++++++++++++++++++++++++++++++++++++++++++++++++++++++++++++++++++++++++
2020-05-23 00:02:30 ERROR BaseClass:48 - ++++++++ Failed: Scenario Name- Verify The Request Credit++++++++
2020-05-23 00:02:30 ERROR BaseClass:49 - ++++++++++++++++++++++++++++++++++++++++++++++++++++++++++++++++++++++++++++++++++++++++++++++++
2020-05-23 00:02:30 INFO  BaseClass:34 - ================================================================================================
2020-05-23 00:02:30 INFO  BaseClass:35 - ======== Scenario Name: Verify Element ========
2020-05-23 00:02:30 INFO  BaseClass:36 - ================================================================================================
2020-05-23 00:02:32 ERROR BaseClass:47 - ++++++++++++++++++++++++++++++++++++++++++++++++++++++++++++++++++++++++++++++++++++++++++++++++
2020-05-23 00:02:32 ERROR BaseClass:48 - ++++++++ Failed: Scenario Name- Verify Element++++++++
2020-05-23 00:02:32 ERROR BaseClass:49 - ++++++++++++++++++++++++++++++++++++++++++++++++++++++++++++++++++++++++++++++++++++++++++++++++
2020-05-23 00:10:21 INFO  BaseClass:34 - ================================================================================================
2020-05-23 00:10:21 INFO  BaseClass:35 - ======== Scenario Name: Verify The Request Credit ========
2020-05-23 00:10:21 INFO  BaseClass:36 - ================================================================================================
2020-05-23 00:10:28 ERROR BaseClass:47 - ++++++++++++++++++++++++++++++++++++++++++++++++++++++++++++++++++++++++++++++++++++++++++++++++
2020-05-23 00:10:28 ERROR BaseClass:48 - ++++++++ Failed: Scenario Name- Verify The Request Credit++++++++
2020-05-23 00:10:28 ERROR BaseClass:49 - ++++++++++++++++++++++++++++++++++++++++++++++++++++++++++++++++++++++++++++++++++++++++++++++++
2020-05-23 00:10:28 INFO  BaseClass:34 - ================================================================================================
2020-05-23 00:10:28 INFO  BaseClass:35 - ======== Scenario Name: Verify Element ========
2020-05-23 00:10:28 INFO  BaseClass:36 - ================================================================================================
2020-05-23 00:10:29 ERROR BaseClass:47 - ++++++++++++++++++++++++++++++++++++++++++++++++++++++++++++++++++++++++++++++++++++++++++++++++
2020-05-23 00:10:29 ERROR BaseClass:48 - ++++++++ Failed: Scenario Name- Verify Element++++++++
2020-05-23 00:10:29 ERROR BaseClass:49 - ++++++++++++++++++++++++++++++++++++++++++++++++++++++++++++++++++++++++++++++++++++++++++++++++
2020-05-23 00:21:01 INFO  BaseClass:34 - ================================================================================================
2020-05-23 00:21:01 INFO  BaseClass:35 - ======== Scenario Name: Verify The Request Credit ========
2020-05-23 00:21:01 INFO  BaseClass:36 - ================================================================================================
2020-05-23 00:21:08 ERROR BaseClass:47 - ++++++++++++++++++++++++++++++++++++++++++++++++++++++++++++++++++++++++++++++++++++++++++++++++
2020-05-23 00:21:08 ERROR BaseClass:48 - ++++++++ Failed: Scenario Name- Verify The Request Credit++++++++
2020-05-23 00:21:08 ERROR BaseClass:49 - ++++++++++++++++++++++++++++++++++++++++++++++++++++++++++++++++++++++++++++++++++++++++++++++++
2020-05-23 00:21:08 INFO  BaseClass:34 - ================================================================================================
2020-05-23 00:21:08 INFO  BaseClass:35 - ======== Scenario Name: Verify Element ========
2020-05-23 00:21:08 INFO  BaseClass:36 - ================================================================================================
2020-05-23 00:21:10 ERROR BaseClass:47 - ++++++++++++++++++++++++++++++++++++++++++++++++++++++++++++++++++++++++++++++++++++++++++++++++
2020-05-23 00:21:10 ERROR BaseClass:48 - ++++++++ Failed: Scenario Name- Verify Element++++++++
2020-05-23 00:21:10 ERROR BaseClass:49 - ++++++++++++++++++++++++++++++++++++++++++++++++++++++++++++++++++++++++++++++++++++++++++++++++
2020-05-23 01:10:12 INFO  BaseClass:34 - ================================================================================================
2020-05-23 01:10:12 INFO  BaseClass:35 - ======== Scenario Name: Verify The Request Credit ========
2020-05-23 01:10:12 INFO  BaseClass:36 - ================================================================================================
2020-05-23 01:10:20 ERROR BaseClass:47 - ++++++++++++++++++++++++++++++++++++++++++++++++++++++++++++++++++++++++++++++++++++++++++++++++
2020-05-23 01:10:20 ERROR BaseClass:48 - ++++++++ Failed: Scenario Name- Verify The Request Credit++++++++
2020-05-23 01:10:20 ERROR BaseClass:49 - ++++++++++++++++++++++++++++++++++++++++++++++++++++++++++++++++++++++++++++++++++++++++++++++++
2020-05-23 01:10:20 INFO  BaseClass:34 - ================================================================================================
2020-05-23 01:10:20 INFO  BaseClass:35 - ======== Scenario Name: Verify Element ========
2020-05-23 01:10:20 INFO  BaseClass:36 - ================================================================================================
2020-05-23 01:10:21 ERROR BaseClass:47 - ++++++++++++++++++++++++++++++++++++++++++++++++++++++++++++++++++++++++++++++++++++++++++++++++
2020-05-23 01:10:21 ERROR BaseClass:48 - ++++++++ Failed: Scenario Name- Verify Element++++++++
2020-05-23 01:10:21 ERROR BaseClass:49 - ++++++++++++++++++++++++++++++++++++++++++++++++++++++++++++++++++++++++++++++++++++++++++++++++
2020-05-23 01:16:38 INFO  BaseClass:34 - ================================================================================================
2020-05-23 01:16:38 INFO  BaseClass:35 - ======== Scenario Name: Verify The Request Credit ========
2020-05-23 01:16:38 INFO  BaseClass:36 - ================================================================================================
2020-05-23 01:16:43 ERROR BaseClass:47 - ++++++++++++++++++++++++++++++++++++++++++++++++++++++++++++++++++++++++++++++++++++++++++++++++
2020-05-23 01:16:43 ERROR BaseClass:48 - ++++++++ Failed: Scenario Name- Verify The Request Credit++++++++
2020-05-23 01:16:43 ERROR BaseClass:49 - ++++++++++++++++++++++++++++++++++++++++++++++++++++++++++++++++++++++++++++++++++++++++++++++++
2020-05-23 01:16:43 INFO  BaseClass:34 - ================================================================================================
2020-05-23 01:16:43 INFO  BaseClass:35 - ======== Scenario Name: Verify Element ========
2020-05-23 01:16:43 INFO  BaseClass:36 - ================================================================================================
2020-05-23 01:16:45 ERROR BaseClass:47 - ++++++++++++++++++++++++++++++++++++++++++++++++++++++++++++++++++++++++++++++++++++++++++++++++
2020-05-23 01:16:45 ERROR BaseClass:48 - ++++++++ Failed: Scenario Name- Verify Element++++++++
2020-05-23 01:16:45 ERROR BaseClass:49 - ++++++++++++++++++++++++++++++++++++++++++++++++++++++++++++++++++++++++++++++++++++++++++++++++
2020-05-23 01:32:32 INFO  BaseClass:34 - ================================================================================================
2020-05-23 01:32:32 INFO  BaseClass:35 - ======== Scenario Name: Verify The Request Credit ========
2020-05-23 01:32:32 INFO  BaseClass:36 - ================================================================================================
2020-05-23 01:32:39 ERROR BaseClass:47 - ++++++++++++++++++++++++++++++++++++++++++++++++++++++++++++++++++++++++++++++++++++++++++++++++
2020-05-23 01:32:39 ERROR BaseClass:48 - ++++++++ Failed: Scenario Name- Verify The Request Credit++++++++
2020-05-23 01:32:39 ERROR BaseClass:49 - ++++++++++++++++++++++++++++++++++++++++++++++++++++++++++++++++++++++++++++++++++++++++++++++++
2020-05-23 01:32:39 INFO  BaseClass:34 - ================================================================================================
2020-05-23 01:32:39 INFO  BaseClass:35 - ======== Scenario Name: Verify Element ========
2020-05-23 01:32:39 INFO  BaseClass:36 - ================================================================================================
2020-05-23 01:32:40 ERROR BaseClass:47 - ++++++++++++++++++++++++++++++++++++++++++++++++++++++++++++++++++++++++++++++++++++++++++++++++
2020-05-23 01:32:40 ERROR BaseClass:48 - ++++++++ Failed: Scenario Name- Verify Element++++++++
2020-05-23 01:32:40 ERROR BaseClass:49 - ++++++++++++++++++++++++++++++++++++++++++++++++++++++++++++++++++++++++++++++++++++++++++++++++
2020-05-23 01:33:05 INFO  BaseClass:34 - ================================================================================================
2020-05-23 01:33:05 INFO  BaseClass:35 - ======== Scenario Name: Verify The Request Credit ========
2020-05-23 01:33:05 INFO  BaseClass:36 - ================================================================================================
2020-05-23 01:33:10 ERROR BaseClass:47 - ++++++++++++++++++++++++++++++++++++++++++++++++++++++++++++++++++++++++++++++++++++++++++++++++
2020-05-23 01:33:10 ERROR BaseClass:48 - ++++++++ Failed: Scenario Name- Verify The Request Credit++++++++
2020-05-23 01:33:10 ERROR BaseClass:49 - ++++++++++++++++++++++++++++++++++++++++++++++++++++++++++++++++++++++++++++++++++++++++++++++++
2020-05-23 01:33:10 INFO  BaseClass:34 - ================================================================================================
2020-05-23 01:33:10 INFO  BaseClass:35 - ======== Scenario Name: Verify Element ========
2020-05-23 01:33:10 INFO  BaseClass:36 - ================================================================================================
2020-05-23 01:33:11 ERROR BaseClass:47 - ++++++++++++++++++++++++++++++++++++++++++++++++++++++++++++++++++++++++++++++++++++++++++++++++
2020-05-23 01:33:11 ERROR BaseClass:48 - ++++++++ Failed: Scenario Name- Verify Element++++++++
2020-05-23 01:33:11 ERROR BaseClass:49 - ++++++++++++++++++++++++++++++++++++++++++++++++++++++++++++++++++++++++++++++++++++++++++++++++
